Logfile initialized
[INFO] logfile = /Users/ivanjimenezutiel/workspace-tfg/myqrouteSp10and/build.log
[DEBUG] /Library/Application Support/Titanium/mobilesdk/osx/3.1.0.GA/android/builder.py install myqrouteSp10and /Library/android-sdk-macosx /Users/ivanjimenezutiel/workspace-tfg/myqrouteSp10and es.punkapp.myqrouteSp10and 5  
[INFO] plugin=/Library/Application Support/Titanium/plugins/ti.alloy/1.0/plugin.py
[INFO] Detected compiler plugin: ti.alloy/1.0
[INFO] Titanium SDK version: 3.1.0 (04/15/13 18:45 57634ef)
[DEBUG] Waiting for device to be ready ...
[TRACE] adb devices returned 1 devices/emulators
[DEBUG] Device connected... (waited 0 seconds)
[DEBUG] waited 0.062135 seconds on emulator to get ready
[DEBUG] es.punkapp.myqrouteSp10and installed? False
[INFO] Copying CommonJS modules...
[INFO] Copying project resources..
[TRACE] COPYING MODIFIED FILE: /Users/ivanjimenezutiel/workspace-tfg/myqrouteSp10and/Resources/alloy/animation.js => /Users/ivanjimenezutiel/workspace-tfg/myqrouteSp10and/build/android/bin/assets/Resources/alloy/animation.js
[TRACE] COPYING MODIFIED FILE: /Users/ivanjimenezutiel/workspace-tfg/myqrouteSp10and/Resources/alloy/backbone.js => /Users/ivanjimenezutiel/workspace-tfg/myqrouteSp10and/build/android/bin/assets/Resources/alloy/backbone.js
[TRACE] COPYING MODIFIED FILE: /Users/ivanjimenezutiel/workspace-tfg/myqrouteSp10and/Resources/alloy/CFG.js => /Users/ivanjimenezutiel/workspace-tfg/myqrouteSp10and/build/android/bin/assets/Resources/alloy/CFG.js
[TRACE] COPYING MODIFIED FILE: /Users/ivanjimenezutiel/workspace-tfg/myqrouteSp10and/Resources/alloy/controllers/BaseController.js => /Users/ivanjimenezutiel/workspace-tfg/myqrouteSp10and/build/android/bin/assets/Resources/alloy/controllers/BaseController.js
[TRACE] COPYING MODIFIED FILE: /Users/ivanjimenezutiel/workspace-tfg/myqrouteSp10and/Resources/alloy/controllers/DetalleRuta.js => /Users/ivanjimenezutiel/workspace-tfg/myqrouteSp10and/build/android/bin/assets/Resources/alloy/controllers/DetalleRuta.js
[TRACE] COPYING MODIFIED FILE: /Users/ivanjimenezutiel/workspace-tfg/myqrouteSp10and/Resources/alloy/controllers/dialogPanel.js => /Users/ivanjimenezutiel/workspace-tfg/myqrouteSp10and/build/android/bin/assets/Resources/alloy/controllers/dialogPanel.js
[TRACE] COPYING MODIFIED FILE: /Users/ivanjimenezutiel/workspace-tfg/myqrouteSp10and/Resources/alloy/controllers/escanearPanel.js => /Users/ivanjimenezutiel/workspace-tfg/myqrouteSp10and/build/android/bin/assets/Resources/alloy/controllers/escanearPanel.js
[TRACE] COPYING MODIFIED FILE: /Users/ivanjimenezutiel/workspace-tfg/myqrouteSp10and/Resources/alloy/controllers/gestPanel.js => /Users/ivanjimenezutiel/workspace-tfg/myqrouteSp10and/build/android/bin/assets/Resources/alloy/controllers/gestPanel.js
[TRACE] COPYING MODIFIED FILE: /Users/ivanjimenezutiel/workspace-tfg/myqrouteSp10and/Resources/alloy/controllers/idioma.js => /Users/ivanjimenezutiel/workspace-tfg/myqrouteSp10and/build/android/bin/assets/Resources/alloy/controllers/idioma.js
[TRACE] COPYING MODIFIED FILE: /Users/ivanjimenezutiel/workspace-tfg/myqrouteSp10and/Resources/alloy/controllers/idioma2.js => /Users/ivanjimenezutiel/workspace-tfg/myqrouteSp10and/build/android/bin/assets/Resources/alloy/controllers/idioma2.js
[TRACE] COPYING MODIFIED FILE: /Users/ivanjimenezutiel/workspace-tfg/myqrouteSp10and/Resources/alloy/controllers/index.js => /Users/ivanjimenezutiel/workspace-tfg/myqrouteSp10and/build/android/bin/assets/Resources/alloy/controllers/index.js
[TRACE] COPYING MODIFIED FILE: /Users/ivanjimenezutiel/workspace-tfg/myqrouteSp10and/Resources/alloy/controllers/infoPanel.js => /Users/ivanjimenezutiel/workspace-tfg/myqrouteSp10and/build/android/bin/assets/Resources/alloy/controllers/infoPanel.js
[TRACE] COPYING MODIFIED FILE: /Users/ivanjimenezutiel/workspace-tfg/myqrouteSp10and/Resources/alloy/controllers/listapuntos.js => /Users/ivanjimenezutiel/workspace-tfg/myqrouteSp10and/build/android/bin/assets/Resources/alloy/controllers/listapuntos.js
[TRACE] COPYING MODIFIED FILE: /Users/ivanjimenezutiel/workspace-tfg/myqrouteSp10and/Resources/alloy/controllers/listarutas.js => /Users/ivanjimenezutiel/workspace-tfg/myqrouteSp10and/build/android/bin/assets/Resources/alloy/controllers/listarutas.js
[TRACE] COPYING MODIFIED FILE: /Users/ivanjimenezutiel/workspace-tfg/myqrouteSp10and/Resources/alloy/controllers/modoUbicacion.js => /Users/ivanjimenezutiel/workspace-tfg/myqrouteSp10and/build/android/bin/assets/Resources/alloy/controllers/modoUbicacion.js
[TRACE] COPYING MODIFIED FILE: /Users/ivanjimenezutiel/workspace-tfg/myqrouteSp10and/Resources/alloy/controllers/opRuta.js => /Users/ivanjimenezutiel/workspace-tfg/myqrouteSp10and/build/android/bin/assets/Resources/alloy/controllers/opRuta.js
[TRACE] COPYING MODIFIED FILE: /Users/ivanjimenezutiel/workspace-tfg/myqrouteSp10and/Resources/alloy/controllers/puntoinfo.js => /Users/ivanjimenezutiel/workspace-tfg/myqrouteSp10and/build/android/bin/assets/Resources/alloy/controllers/puntoinfo.js
[TRACE] COPYING MODIFIED FILE: /Users/ivanjimenezutiel/workspace-tfg/myqrouteSp10and/Resources/alloy/controllers/rutaseguida.js => /Users/ivanjimenezutiel/workspace-tfg/myqrouteSp10and/build/android/bin/assets/Resources/alloy/controllers/rutaseguida.js
[TRACE] COPYING MODIFIED FILE: /Users/ivanjimenezutiel/workspace-tfg/myqrouteSp10and/Resources/alloy/controllers/tabLista.js => /Users/ivanjimenezutiel/workspace-tfg/myqrouteSp10and/build/android/bin/assets/Resources/alloy/controllers/tabLista.js
[TRACE] COPYING MODIFIED FILE: /Users/ivanjimenezutiel/workspace-tfg/myqrouteSp10and/Resources/alloy/controllers/tabMapa.js => /Users/ivanjimenezutiel/workspace-tfg/myqrouteSp10and/build/android/bin/assets/Resources/alloy/controllers/tabMapa.js
[TRACE] COPYING MODIFIED FILE: /Users/ivanjimenezutiel/workspace-tfg/myqrouteSp10and/Resources/alloy/models/Paneles.js => /Users/ivanjimenezutiel/workspace-tfg/myqrouteSp10and/build/android/bin/assets/Resources/alloy/models/Paneles.js
[TRACE] COPYING MODIFIED FILE: /Users/ivanjimenezutiel/workspace-tfg/myqrouteSp10and/Resources/alloy/models/Rutas.js => /Users/ivanjimenezutiel/workspace-tfg/myqrouteSp10and/build/android/bin/assets/Resources/alloy/models/Rutas.js
[TRACE] COPYING MODIFIED FILE: /Users/ivanjimenezutiel/workspace-tfg/myqrouteSp10and/Resources/alloy/sync/localStorage.js => /Users/ivanjimenezutiel/workspace-tfg/myqrouteSp10and/build/android/bin/assets/Resources/alloy/sync/localStorage.js
[TRACE] COPYING MODIFIED FILE: /Users/ivanjimenezutiel/workspace-tfg/myqrouteSp10and/Resources/alloy/sync/properties.js => /Users/ivanjimenezutiel/workspace-tfg/myqrouteSp10and/build/android/bin/assets/Resources/alloy/sync/properties.js
[TRACE] COPYING MODIFIED FILE: /Users/ivanjimenezutiel/workspace-tfg/myqrouteSp10and/Resources/alloy/sync/sql.js => /Users/ivanjimenezutiel/workspace-tfg/myqrouteSp10and/build/android/bin/assets/Resources/alloy/sync/sql.js
[TRACE] COPYING MODIFIED FILE: /Users/ivanjimenezutiel/workspace-tfg/myqrouteSp10and/Resources/alloy/sync/util.js => /Users/ivanjimenezutiel/workspace-tfg/myqrouteSp10and/build/android/bin/assets/Resources/alloy/sync/util.js
[TRACE] COPYING MODIFIED FILE: /Users/ivanjimenezutiel/workspace-tfg/myqrouteSp10and/Resources/alloy/underscore.js => /Users/ivanjimenezutiel/workspace-tfg/myqrouteSp10and/build/android/bin/assets/Resources/alloy/underscore.js
[TRACE] COPYING MODIFIED FILE: /Users/ivanjimenezutiel/workspace-tfg/myqrouteSp10and/Resources/alloy/widget.js => /Users/ivanjimenezutiel/workspace-tfg/myqrouteSp10and/build/android/bin/assets/Resources/alloy/widget.js
[TRACE] COPYING MODIFIED FILE: /Users/ivanjimenezutiel/workspace-tfg/myqrouteSp10and/Resources/alloy.js => /Users/ivanjimenezutiel/workspace-tfg/myqrouteSp10and/build/android/bin/assets/Resources/alloy.js
[TRACE] COPYING MODIFIED FILE: /Users/ivanjimenezutiel/workspace-tfg/myqrouteSp10and/Resources/app.js => /Users/ivanjimenezutiel/workspace-tfg/myqrouteSp10and/build/android/bin/assets/Resources/app.js
[TRACE] COPYING MODIFIED FILE: /Users/ivanjimenezutiel/workspace-tfg/myqrouteSp10and/Resources/behave.js => /Users/ivanjimenezutiel/workspace-tfg/myqrouteSp10and/build/android/bin/assets/Resources/behave.js
[TRACE] COPYING MODIFIED FILE: /Users/ivanjimenezutiel/workspace-tfg/myqrouteSp10and/Resources/gps.js => /Users/ivanjimenezutiel/workspace-tfg/myqrouteSp10and/build/android/bin/assets/Resources/gps.js
[TRACE] COPYING CREATED FILE: /Users/ivanjimenezutiel/workspace-tfg/myqrouteSp10and/Resources/images/035.png => /Users/ivanjimenezutiel/workspace-tfg/myqrouteSp10and/build/android/bin/assets/Resources/images/035.png
[TRACE] COPYING MODIFIED FILE: /Users/ivanjimenezutiel/workspace-tfg/myqrouteSp10and/Resources/panelQR.js => /Users/ivanjimenezutiel/workspace-tfg/myqrouteSp10and/build/android/bin/assets/Resources/panelQR.js
[TRACE] COPYING MODIFIED FILE: /Users/ivanjimenezutiel/workspace-tfg/myqrouteSp10and/Resources/readerQR.js => /Users/ivanjimenezutiel/workspace-tfg/myqrouteSp10and/build/android/bin/assets/Resources/readerQR.js
[DEBUG] LiveView not enabled
[TRACE] Generating Java Classes
[DEBUG] Processing Android resource drawables
[INFO] Copying platform-specific files for 'barcode' module
[DEBUG] copying app icon: /Users/ivanjimenezutiel/workspace-tfg/myqrouteSp10and/build/android/bin/assets/Resources/appicon.png
[DEBUG] generating theme.xml
[DEBUG] found drawable-long-land-hdpi splash screen at /Users/ivanjimenezutiel/workspace-tfg/myqrouteSp10and/Resources/android/images/res-long-land-hdpi/default.png
[DEBUG] copying /Users/ivanjimenezutiel/workspace-tfg/myqrouteSp10and/Resources/android/images/res-long-land-hdpi/default.png splash screen to /Users/ivanjimenezutiel/workspace-tfg/myqrouteSp10and/build/android/res/drawable-long-land-hdpi/background.png
[DEBUG] found drawable-long-land-ldpi splash screen at /Users/ivanjimenezutiel/workspace-tfg/myqrouteSp10and/Resources/android/images/res-long-land-ldpi/default.png
[DEBUG] copying /Users/ivanjimenezutiel/workspace-tfg/myqrouteSp10and/Resources/android/images/res-long-land-ldpi/default.png splash screen to /Users/ivanjimenezutiel/workspace-tfg/myqrouteSp10and/build/android/res/drawable-long-land-ldpi/background.png
[DEBUG] found drawable-long-port-hdpi splash screen at /Users/ivanjimenezutiel/workspace-tfg/myqrouteSp10and/Resources/android/images/res-long-port-hdpi/default.png
[DEBUG] copying /Users/ivanjimenezutiel/workspace-tfg/myqrouteSp10and/Resources/android/images/res-long-port-hdpi/default.png splash screen to /Users/ivanjimenezutiel/workspace-tfg/myqrouteSp10and/build/android/res/drawable-long-port-hdpi/background.png
[DEBUG] found drawable-long-port-ldpi splash screen at /Users/ivanjimenezutiel/workspace-tfg/myqrouteSp10and/Resources/android/images/res-long-port-ldpi/default.png
[DEBUG] copying /Users/ivanjimenezutiel/workspace-tfg/myqrouteSp10and/Resources/android/images/res-long-port-ldpi/default.png splash screen to /Users/ivanjimenezutiel/workspace-tfg/myqrouteSp10and/build/android/res/drawable-long-port-ldpi/background.png
[DEBUG] found drawable-notlong-land-hdpi splash screen at /Users/ivanjimenezutiel/workspace-tfg/myqrouteSp10and/Resources/android/images/res-notlong-land-hdpi/default.png
[DEBUG] copying /Users/ivanjimenezutiel/workspace-tfg/myqrouteSp10and/Resources/android/images/res-notlong-land-hdpi/default.png splash screen to /Users/ivanjimenezutiel/workspace-tfg/myqrouteSp10and/build/android/res/drawable-notlong-land-hdpi/background.png
[DEBUG] found drawable-notlong-land-ldpi splash screen at /Users/ivanjimenezutiel/workspace-tfg/myqrouteSp10and/Resources/android/images/res-notlong-land-ldpi/default.png
[DEBUG] copying /Users/ivanjimenezutiel/workspace-tfg/myqrouteSp10and/Resources/android/images/res-notlong-land-ldpi/default.png splash screen to /Users/ivanjimenezutiel/workspace-tfg/myqrouteSp10and/build/android/res/drawable-notlong-land-ldpi/background.png
[DEBUG] found drawable-notlong-land-mdpi splash screen at /Users/ivanjimenezutiel/workspace-tfg/myqrouteSp10and/Resources/android/images/res-notlong-land-mdpi/default.png
[DEBUG] copying /Users/ivanjimenezutiel/workspace-tfg/myqrouteSp10and/Resources/android/images/res-notlong-land-mdpi/default.png splash screen to /Users/ivanjimenezutiel/workspace-tfg/myqrouteSp10and/build/android/res/drawable-notlong-land-mdpi/background.png
[DEBUG] found drawable-notlong-port-hdpi splash screen at /Users/ivanjimenezutiel/workspace-tfg/myqrouteSp10and/Resources/android/images/res-notlong-port-hdpi/default.png
[DEBUG] copying /Users/ivanjimenezutiel/workspace-tfg/myqrouteSp10and/Resources/android/images/res-notlong-port-hdpi/default.png splash screen to /Users/ivanjimenezutiel/workspace-tfg/myqrouteSp10and/build/android/res/drawable-notlong-port-hdpi/background.png
[DEBUG] found drawable-notlong-port-ldpi splash screen at /Users/ivanjimenezutiel/workspace-tfg/myqrouteSp10and/Resources/android/images/res-notlong-port-ldpi/default.png
[DEBUG] copying /Users/ivanjimenezutiel/workspace-tfg/myqrouteSp10and/Resources/android/images/res-notlong-port-ldpi/default.png splash screen to /Users/ivanjimenezutiel/workspace-tfg/myqrouteSp10and/build/android/res/drawable-notlong-port-ldpi/background.png
[DEBUG] found drawable-notlong-port-mdpi splash screen at /Users/ivanjimenezutiel/workspace-tfg/myqrouteSp10and/Resources/android/images/res-notlong-port-mdpi/default.png
[DEBUG] copying /Users/ivanjimenezutiel/workspace-tfg/myqrouteSp10and/Resources/android/images/res-notlong-port-mdpi/default.png splash screen to /Users/ivanjimenezutiel/workspace-tfg/myqrouteSp10and/build/android/res/drawable-notlong-port-mdpi/background.png
[DEBUG] found splash screen at /Users/ivanjimenezutiel/workspace-tfg/myqrouteSp10and/build/android/bin/assets/Resources/default.png
[TRACE] Writing out AndroidManifest.xml
[DEBUG] adding /Users/ivanjimenezutiel/workspace-tfg/myqrouteSp10and/build/android/gen/es/punkapp/myqrouteSp10and/Myqroutesp10andActivity.java to javac build list
[DEBUG] adding /Users/ivanjimenezutiel/workspace-tfg/myqrouteSp10and/build/android/gen/es/punkapp/myqrouteSp10and/Myqroutesp10andAppInfo.java to javac build list
[DEBUG] adding /Users/ivanjimenezutiel/workspace-tfg/myqrouteSp10and/build/android/gen/es/punkapp/myqrouteSp10and/Myqroutesp10andApplication.java to javac build list
[DEBUG] adding /Users/ivanjimenezutiel/workspace-tfg/myqrouteSp10and/build/android/gen/es/punkapp/myqrouteSp10and/R.java to javac build list
[DEBUG] Building Java Sources: "/Users/ivanjimenezutiel/workspace-tfg/myqrouteSp10and/build/android/gen/es/punkapp/myqrouteSp10and/Myqroutesp10andActivity.java" "/Users/ivanjimenezutiel/workspace-tfg/myqrouteSp10and/build/android/gen/es/punkapp/myqrouteSp10and/Myqroutesp10andAppInfo.java" "/Users/ivanjimenezutiel/workspace-tfg/myqrouteSp10and/build/android/gen/es/punkapp/myqrouteSp10and/Myqroutesp10andApplication.java" "/Users/ivanjimenezutiel/workspace-tfg/myqrouteSp10and/build/android/gen/es/punkapp/myqrouteSp10and/R.java"
[INFO] Compiling Android Resources... This could take some time
[DEBUG] Android classes.dex built
[DEBUG] creating unsigned apk: /Users/ivanjimenezutiel/workspace-tfg/myqrouteSp10and/build/android/bin/app-unsigned.apk
[DEBUG] from resource zip => assets/Resources/alloy/controllers/BaseController.js
[DEBUG] from resource zip => assets/Resources/alloy/controllers/DetalleRuta.js
[DEBUG] from resource zip => assets/Resources/alloy/controllers/dialogPanel.js
[DEBUG] from resource zip => assets/Resources/alloy/controllers/escanearPanel.js
[DEBUG] from resource zip => assets/Resources/alloy/controllers/gestPanel.js
[DEBUG] from resource zip => assets/Resources/alloy/controllers/idioma.js
[DEBUG] from resource zip => assets/Resources/alloy/controllers/idioma2.js
[DEBUG] from resource zip => assets/Resources/alloy/controllers/index.js
[DEBUG] from resource zip => assets/Resources/alloy/controllers/infoPanel.js
[DEBUG] from resource zip => assets/Resources/alloy/controllers/listapuntos.js
[DEBUG] from resource zip => assets/Resources/alloy/controllers/listarutas.js
[DEBUG] from resource zip => assets/Resources/alloy/controllers/modoUbicacion.js
[DEBUG] from resource zip => assets/Resources/alloy/controllers/opRuta.js
[DEBUG] from resource zip => assets/Resources/alloy/controllers/puntoinfo.js
[DEBUG] from resource zip => assets/Resources/alloy/controllers/rutaseguida.js
[DEBUG] from resource zip => assets/Resources/alloy/controllers/tabLista.js
[DEBUG] from resource zip => assets/Resources/alloy/controllers/tabMapa.js
[DEBUG] from resource zip => assets/Resources/alloy/models/Paneles.js
[DEBUG] from resource zip => assets/Resources/alloy/models/Rutas.js
[DEBUG] from resource zip => assets/Resources/alloy/sync/localStorage.js
[DEBUG] from resource zip => assets/Resources/alloy/sync/properties.js
[DEBUG] from resource zip => assets/Resources/alloy/sync/sql.js
[DEBUG] from resource zip => assets/Resources/alloy/sync/util.js
[DEBUG] from resource zip => assets/Resources/alloy/CFG.js
[DEBUG] from resource zip => assets/Resources/alloy/animation.js
[DEBUG] from resource zip => assets/Resources/alloy/backbone.js
[DEBUG] from resource zip => assets/Resources/alloy/underscore.js
[DEBUG] from resource zip => assets/Resources/alloy/widget.js
[DEBUG] from resource zip => assets/Resources/html/panel00.html
[DEBUG] from resource zip => assets/Resources/html/panel10.html
[DEBUG] from resource zip => assets/Resources/html/panel20.html
[DEBUG] from resource zip => assets/Resources/html/panel30.html
[DEBUG] from resource zip => assets/Resources/html/panel40.html
[DEBUG] from resource zip => assets/Resources/images/ruta0/ruta0.jpeg
[DEBUG] from resource zip => assets/Resources/images/ruta1/ruta1.jpeg
[DEBUG] from resource zip => assets/Resources/images/ruta2/ruta2.png
[DEBUG] from resource zip => assets/Resources/images/ruta3/ruta3.jpg
[DEBUG] from resource zip => assets/Resources/images/ruta4/ruta4.jpeg
[DEBUG] from resource zip => assets/Resources/images/ruta5/ruta5.png
[DEBUG] from resource zip => assets/Resources/images/ruta6/ruta6.png
[DEBUG] from resource zip => assets/Resources/images/ruta7/ruta7.jpeg
[DEBUG] from resource zip => assets/Resources/images/001.png
[DEBUG] from resource zip => assets/Resources/images/011.png
[DEBUG] from resource zip => assets/Resources/images/032.png
[DEBUG] from resource zip => assets/Resources/images/035.png
[DEBUG] from resource zip => assets/Resources/images/bar.png
[DEBUG] from resource zip => assets/Resources/images/barNoLogo.png
[DEBUG] from resource zip => assets/Resources/images/captured.png
[DEBUG] from resource zip => assets/Resources/images/carta becas intercambio.pdf
[DEBUG] from resource zip => assets/Resources/images/gradientBackground.png
[DEBUG] from resource zip => assets/Resources/images/iconMap.png
[DEBUG] from resource zip => assets/Resources/images/idioma_icon.png
[DEBUG] from resource zip => assets/Resources/images/ruta.png
[DEBUG] from resource zip => assets/Resources/images/ruta_icon.png
[DEBUG] from resource zip => assets/Resources/images/tab1.jpg
[DEBUG] from resource zip => assets/Resources/images/ubic_icon.png
[DEBUG] from resource zip => assets/Resources/images/ubic_icon_bn.png
[DEBUG] from resource zip => assets/Resources/localtile/img/blank.gif
[DEBUG] from resource zip => assets/Resources/localtile/img/cloud-popup-relative.png
[DEBUG] from resource zip => assets/Resources/localtile/img/drag-rectangle-off.png
[DEBUG] from resource zip => assets/Resources/localtile/img/drag-rectangle-on.png
[DEBUG] from resource zip => assets/Resources/localtile/img/east-mini.png
[DEBUG] from resource zip => assets/Resources/localtile/img/layer-switcher-maximize.png
[DEBUG] from resource zip => assets/Resources/localtile/img/layer-switcher-minimize.png
[DEBUG] from resource zip => assets/Resources/localtile/img/marker-blue.png
[DEBUG] from resource zip => assets/Resources/localtile/img/marker-gold.png
[DEBUG] from resource zip => assets/Resources/localtile/img/marker-green.png
[DEBUG] from resource zip => assets/Resources/localtile/img/marker.png
[DEBUG] from resource zip => assets/Resources/localtile/img/measuring-stick-off.png
[DEBUG] from resource zip => assets/Resources/localtile/img/measuring-stick-on.png
[DEBUG] from resource zip => assets/Resources/localtile/img/north-mini.png
[DEBUG] from resource zip => assets/Resources/localtile/img/panning-hand-off.png
[DEBUG] from resource zip => assets/Resources/localtile/img/panning-hand-on.png
[DEBUG] from resource zip => assets/Resources/localtile/img/qr.png
[DEBUG] from resource zip => assets/Resources/localtile/img/ruta.png
[DEBUG] from resource zip => assets/Resources/localtile/img/slider.png
[DEBUG] from resource zip => assets/Resources/localtile/img/south-mini.png
[DEBUG] from resource zip => assets/Resources/localtile/img/west-mini.png
[DEBUG] from resource zip => assets/Resources/localtile/img/zoom-minus-mini.png
[DEBUG] from resource zip => assets/Resources/localtile/img/zoom-plus-mini.png
[DEBUG] from resource zip => assets/Resources/localtile/img/zoom-world-mini.png
[DEBUG] from resource zip => assets/Resources/localtile/img/zoombar.png
[DEBUG] from resource zip => assets/Resources/localtile/theme/default/img/add_point_off.png
[DEBUG] from resource zip => assets/Resources/localtile/theme/default/img/add_point_on.png
[DEBUG] from resource zip => assets/Resources/localtile/theme/default/img/blank.gif
[DEBUG] from resource zip => assets/Resources/localtile/theme/default/img/close.gif
[DEBUG] from resource zip => assets/Resources/localtile/theme/default/img/drag-rectangle-off.png
[DEBUG] from resource zip => assets/Resources/localtile/theme/default/img/drag-rectangle-on.png
[DEBUG] from resource zip => assets/Resources/localtile/theme/default/img/draw_line_off.png
[DEBUG] from resource zip => assets/Resources/localtile/theme/default/img/draw_line_on.png
[DEBUG] from resource zip => assets/Resources/localtile/theme/default/img/draw_point_off.png
[DEBUG] from resource zip => assets/Resources/localtile/theme/default/img/draw_point_on.png
[DEBUG] from resource zip => assets/Resources/localtile/theme/default/img/draw_polygon_off.png
[DEBUG] from resource zip => assets/Resources/localtile/theme/default/img/draw_polygon_on.png
[DEBUG] from resource zip => assets/Resources/localtile/theme/default/img/editing_tool_bar.png
[DEBUG] from resource zip => assets/Resources/localtile/theme/default/img/move_feature_off.png
[DEBUG] from resource zip => assets/Resources/localtile/theme/default/img/move_feature_on.png
[DEBUG] from resource zip => assets/Resources/localtile/theme/default/img/navigation_history.png
[DEBUG] from resource zip => assets/Resources/localtile/theme/default/img/overview_replacement.gif
[DEBUG] from resource zip => assets/Resources/localtile/theme/default/img/pan-panel-NOALPHA.png
[DEBUG] from resource zip => assets/Resources/localtile/theme/default/img/pan-panel.png
[DEBUG] from resource zip => assets/Resources/localtile/theme/default/img/pan_off.png
[DEBUG] from resource zip => assets/Resources/localtile/theme/default/img/pan_on.png
[DEBUG] from resource zip => assets/Resources/localtile/theme/default/img/panning-hand-off.png
[DEBUG] from resource zip => assets/Resources/localtile/theme/default/img/panning-hand-on.png
[DEBUG] from resource zip => assets/Resources/localtile/theme/default/img/remove_point_off.png
[DEBUG] from resource zip => assets/Resources/localtile/theme/default/img/remove_point_on.png
[DEBUG] from resource zip => assets/Resources/localtile/theme/default/img/ruler.png
[DEBUG] from resource zip => assets/Resources/localtile/theme/default/img/save_features_off.png
[DEBUG] from resource zip => assets/Resources/localtile/theme/default/img/save_features_on.png
[DEBUG] from resource zip => assets/Resources/localtile/theme/default/img/view_next_off.png
[DEBUG] from resource zip => assets/Resources/localtile/theme/default/img/view_next_on.png
[DEBUG] from resource zip => assets/Resources/localtile/theme/default/img/view_previous_off.png
[DEBUG] from resource zip => assets/Resources/localtile/theme/default/img/view_previous_on.png
[DEBUG] from resource zip => assets/Resources/localtile/theme/default/img/zoom-panel-NOALPHA.png
[DEBUG] from resource zip => assets/Resources/localtile/theme/default/img/zoom-panel.png
[DEBUG] from resource zip => assets/Resources/localtile/theme/default/google.css
[DEBUG] from resource zip => assets/Resources/localtile/theme/default/google.tidy.css
[DEBUG] from resource zip => assets/Resources/localtile/theme/default/ie6-style.css
[DEBUG] from resource zip => assets/Resources/localtile/theme/default/ie6-style.tidy.css
[DEBUG] from resource zip => assets/Resources/localtile/theme/default/style.css
[DEBUG] from resource zip => assets/Resources/localtile/theme/default/style.mobile.css
[DEBUG] from resource zip => assets/Resources/localtile/theme/default/style.mobile.tidy.css
[DEBUG] from resource zip => assets/Resources/localtile/theme/default/style.tidy.css
[DEBUG] from resource zip => assets/Resources/localtile/tiles/13/4003/3105.png
[DEBUG] from resource zip => assets/Resources/localtile/tiles/13/4004/3105.png
[DEBUG] from resource zip => assets/Resources/localtile/tiles/13/4005/3105.png
[DEBUG] from resource zip => assets/Resources/localtile/tiles/14/8007/6210.png
[DEBUG] from resource zip => assets/Resources/localtile/tiles/14/8007/6211.png
[DEBUG] from resource zip => assets/Resources/localtile/tiles/14/8008/6210.png
[DEBUG] from resource zip => assets/Resources/localtile/tiles/14/8008/6211.png
[DEBUG] from resource zip => assets/Resources/localtile/tiles/14/8009/6210.png
[DEBUG] from resource zip => assets/Resources/localtile/tiles/14/8009/6211.png
[DEBUG] from resource zip => assets/Resources/localtile/tiles/14/8010/6210.png
[DEBUG] from resource zip => assets/Resources/localtile/tiles/14/8010/6211.png
[DEBUG] from resource zip => assets/Resources/localtile/tiles/15/16015/12421.png
[DEBUG] from resource zip => assets/Resources/localtile/tiles/15/16015/12422.png
[DEBUG] from resource zip => assets/Resources/localtile/tiles/15/16015/12423.png
[DEBUG] from resource zip => assets/Resources/localtile/tiles/15/16016/12421.png
[DEBUG] from resource zip => assets/Resources/localtile/tiles/15/16016/12422.png
[DEBUG] from resource zip => assets/Resources/localtile/tiles/15/16016/12423.png
[DEBUG] from resource zip => assets/Resources/localtile/tiles/15/16017/12421.png
[DEBUG] from resource zip => assets/Resources/localtile/tiles/15/16017/12422.png
[DEBUG] from resource zip => assets/Resources/localtile/tiles/15/16017/12423.png
[DEBUG] from resource zip => assets/Resources/localtile/tiles/15/16018/12421.png
[DEBUG] from resource zip => assets/Resources/localtile/tiles/15/16018/12422.png
[DEBUG] from resource zip => assets/Resources/localtile/tiles/15/16018/12423.png
[DEBUG] from resource zip => assets/Resources/localtile/tiles/15/16019/12421.png
[DEBUG] from resource zip => assets/Resources/localtile/tiles/15/16019/12422.png
[DEBUG] from resource zip => assets/Resources/localtile/tiles/15/16019/12423.png
[DEBUG] from resource zip => assets/Resources/localtile/tiles/15/16020/12421.png
[DEBUG] from resource zip => assets/Resources/localtile/tiles/15/16020/12422.png
[DEBUG] from resource zip => assets/Resources/localtile/tiles/15/16020/12423.png
[DEBUG] from resource zip => assets/Resources/localtile/tiles/16/32031/24842.png
[DEBUG] from resource zip => assets/Resources/localtile/tiles/16/32031/24843.png
[DEBUG] from resource zip => assets/Resources/localtile/tiles/16/32031/24844.png
[DEBUG] from resource zip => assets/Resources/localtile/tiles/16/32031/24845.png
[DEBUG] from resource zip => assets/Resources/localtile/tiles/16/32031/24846.png
[DEBUG] from resource zip => assets/Resources/localtile/tiles/16/32032/24842.png
[DEBUG] from resource zip => assets/Resources/localtile/tiles/16/32032/24843.png
[DEBUG] from resource zip => assets/Resources/localtile/tiles/16/32032/24844.png
[DEBUG] from resource zip => assets/Resources/localtile/tiles/16/32032/24845.png
[DEBUG] from resource zip => assets/Resources/localtile/tiles/16/32032/24846.png
[DEBUG] from resource zip => assets/Resources/localtile/tiles/16/32033/24842.png
[DEBUG] from resource zip => assets/Resources/localtile/tiles/16/32033/24843.png
[DEBUG] from resource zip => assets/Resources/localtile/tiles/16/32033/24844.png
[DEBUG] from resource zip => assets/Resources/localtile/tiles/16/32033/24845.png
[DEBUG] from resource zip => assets/Resources/localtile/tiles/16/32033/24846.png
[DEBUG] from resource zip => assets/Resources/localtile/tiles/16/32034/24842.png
[DEBUG] from resource zip => assets/Resources/localtile/tiles/16/32034/24843.png
[DEBUG] from resource zip => assets/Resources/localtile/tiles/16/32034/24844.png
[DEBUG] from resource zip => assets/Resources/localtile/tiles/16/32034/24845.png
[DEBUG] from resource zip => assets/Resources/localtile/tiles/16/32034/24846.png
[DEBUG] from resource zip => assets/Resources/localtile/tiles/16/32035/24842.png
[DEBUG] from resource zip => assets/Resources/localtile/tiles/16/32035/24843.png
[DEBUG] from resource zip => assets/Resources/localtile/tiles/16/32035/24844.png
[DEBUG] from resource zip => assets/Resources/localtile/tiles/16/32035/24845.png
[DEBUG] from resource zip => assets/Resources/localtile/tiles/16/32035/24846.png
[DEBUG] from resource zip => assets/Resources/localtile/tiles/16/32036/24842.png
[DEBUG] from resource zip => assets/Resources/localtile/tiles/16/32036/24843.png
[DEBUG] from resource zip => assets/Resources/localtile/tiles/16/32036/24844.png
[DEBUG] from resource zip => assets/Resources/localtile/tiles/16/32036/24845.png
[DEBUG] from resource zip => assets/Resources/localtile/tiles/16/32036/24846.png
[DEBUG] from resource zip => assets/Resources/localtile/tiles/16/32037/24842.png
[DEBUG] from resource zip => assets/Resources/localtile/tiles/16/32037/24843.png
[DEBUG] from resource zip => assets/Resources/localtile/tiles/16/32037/24844.png
[DEBUG] from resource zip => assets/Resources/localtile/tiles/16/32037/24845.png
[DEBUG] from resource zip => assets/Resources/localtile/tiles/16/32037/24846.png
[DEBUG] from resource zip => assets/Resources/localtile/tiles/16/32038/24842.png
[DEBUG] from resource zip => assets/Resources/localtile/tiles/16/32038/24843.png
[DEBUG] from resource zip => assets/Resources/localtile/tiles/16/32038/24844.png
[DEBUG] from resource zip => assets/Resources/localtile/tiles/16/32038/24845.png
[DEBUG] from resource zip => assets/Resources/localtile/tiles/16/32038/24846.png
[DEBUG] from resource zip => assets/Resources/localtile/tiles/16/32039/24842.png
[DEBUG] from resource zip => assets/Resources/localtile/tiles/16/32039/24843.png
[DEBUG] from resource zip => assets/Resources/localtile/tiles/16/32039/24844.png
[DEBUG] from resource zip => assets/Resources/localtile/tiles/16/32039/24845.png
[DEBUG] from resource zip => assets/Resources/localtile/tiles/16/32039/24846.png
[DEBUG] from resource zip => assets/Resources/localtile/tiles/16/32040/24842.png
[DEBUG] from resource zip => assets/Resources/localtile/tiles/16/32040/24843.png
[DEBUG] from resource zip => assets/Resources/localtile/tiles/16/32040/24844.png
[DEBUG] from resource zip => assets/Resources/localtile/tiles/16/32040/24845.png
[DEBUG] from resource zip => assets/Resources/localtile/tiles/16/32040/24846.png
[DEBUG] from resource zip => assets/Resources/localtile/tiles/17/64062/49684.png
[DEBUG] from resource zip => assets/Resources/localtile/tiles/17/64062/49685.png
[DEBUG] from resource zip => assets/Resources/localtile/tiles/17/64062/49686.png
[DEBUG] from resource zip => assets/Resources/localtile/tiles/17/64062/49687.png
[DEBUG] from resource zip => assets/Resources/localtile/tiles/17/64062/49688.png
[DEBUG] from resource zip => assets/Resources/localtile/tiles/17/64062/49689.png
[DEBUG] from resource zip => assets/Resources/localtile/tiles/17/64062/49690.png
[DEBUG] from resource zip => assets/Resources/localtile/tiles/17/64062/49691.png
[DEBUG] from resource zip => assets/Resources/localtile/tiles/17/64062/49692.png
[DEBUG] from resource zip => assets/Resources/localtile/tiles/17/64062/49693.png
[DEBUG] from resource zip => assets/Resources/localtile/tiles/17/64063/49684.png
[DEBUG] from resource zip => assets/Resources/localtile/tiles/17/64063/49685.png
[DEBUG] from resource zip => assets/Resources/localtile/tiles/17/64063/49686.png
[DEBUG] from resource zip => assets/Resources/localtile/tiles/17/64063/49687.png
[DEBUG] from resource zip => assets/Resources/localtile/tiles/17/64063/49688.png
[DEBUG] from resource zip => assets/Resources/localtile/tiles/17/64063/49689.png
[DEBUG] from resource zip => assets/Resources/localtile/tiles/17/64063/49690.png
[DEBUG] from resource zip => assets/Resources/localtile/tiles/17/64063/49691.png
[DEBUG] from resource zip => assets/Resources/localtile/tiles/17/64063/49692.png
[DEBUG] from resource zip => assets/Resources/localtile/tiles/17/64063/49693.png
[DEBUG] from resource zip => assets/Resources/localtile/tiles/17/64064/49684.png
[DEBUG] from resource zip => assets/Resources/localtile/tiles/17/64064/49685.png
[DEBUG] from resource zip => assets/Resources/localtile/tiles/17/64064/49686.png
[DEBUG] from resource zip => assets/Resources/localtile/tiles/17/64064/49687.png
[DEBUG] from resource zip => assets/Resources/localtile/tiles/17/64064/49688.png
[DEBUG] from resource zip => assets/Resources/localtile/tiles/17/64064/49689.png
[DEBUG] from resource zip => assets/Resources/localtile/tiles/17/64064/49690.png
[DEBUG] from resource zip => assets/Resources/localtile/tiles/17/64064/49691.png
[DEBUG] from resource zip => assets/Resources/localtile/tiles/17/64064/49692.png
[DEBUG] from resource zip => assets/Resources/localtile/tiles/17/64064/49693.png
[DEBUG] from resource zip => assets/Resources/localtile/tiles/17/64065/49684.png
[DEBUG] from resource zip => assets/Resources/localtile/tiles/17/64065/49685.png
[DEBUG] from resource zip => assets/Resources/localtile/tiles/17/64065/49686.png
[DEBUG] from resource zip => assets/Resources/localtile/tiles/17/64065/49687.png
[DEBUG] from resource zip => assets/Resources/localtile/tiles/17/64065/49688.png
[DEBUG] from resource zip => assets/Resources/localtile/tiles/17/64065/49689.png
[DEBUG] from resource zip => assets/Resources/localtile/tiles/17/64065/49690.png
[DEBUG] from resource zip => assets/Resources/localtile/tiles/17/64065/49691.png
[DEBUG] from resource zip => assets/Resources/localtile/tiles/17/64065/49692.png
[DEBUG] from resource zip => assets/Resources/localtile/tiles/17/64065/49693.png
[DEBUG] from resource zip => assets/Resources/localtile/tiles/17/64066/49684.png
[DEBUG] from resource zip => assets/Resources/localtile/tiles/17/64066/49685.png
[DEBUG] from resource zip => assets/Resources/localtile/tiles/17/64066/49686.png
[DEBUG] from resource zip => assets/Resources/localtile/tiles/17/64066/49687.png
[DEBUG] from resource zip => assets/Resources/localtile/tiles/17/64066/49688.png
[DEBUG] from resource zip => assets/Resources/localtile/tiles/17/64066/49689.png
[DEBUG] from resource zip => assets/Resources/localtile/tiles/17/64066/49690.png
[DEBUG] from resource zip => assets/Resources/localtile/tiles/17/64066/49691.png
[DEBUG] from resource zip => assets/Resources/localtile/tiles/17/64066/49692.png
[DEBUG] from resource zip => assets/Resources/localtile/tiles/17/64066/49693.png
[DEBUG] from resource zip => assets/Resources/localtile/tiles/17/64067/49684.png
[DEBUG] from resource zip => assets/Resources/localtile/tiles/17/64067/49685.png
[DEBUG] from resource zip => assets/Resources/localtile/tiles/17/64067/49686.png
[DEBUG] from resource zip => assets/Resources/localtile/tiles/17/64067/49687.png
[DEBUG] from resource zip => assets/Resources/localtile/tiles/17/64067/49688.png
[DEBUG] from resource zip => assets/Resources/localtile/tiles/17/64067/49689.png
[DEBUG] from resource zip => assets/Resources/localtile/tiles/17/64067/49690.png
[DEBUG] from resource zip => assets/Resources/localtile/tiles/17/64067/49691.png
[DEBUG] from resource zip => assets/Resources/localtile/tiles/17/64067/49692.png
[DEBUG] from resource zip => assets/Resources/localtile/tiles/17/64067/49693.png
[DEBUG] from resource zip => assets/Resources/localtile/tiles/17/64068/49684.png
[DEBUG] from resource zip => assets/Resources/localtile/tiles/17/64068/49685.png
[DEBUG] from resource zip => assets/Resources/localtile/tiles/17/64068/49686.png
[DEBUG] from resource zip => assets/Resources/localtile/tiles/17/64068/49687.png
[DEBUG] from resource zip => assets/Resources/localtile/tiles/17/64068/49688.png
[DEBUG] from resource zip => assets/Resources/localtile/tiles/17/64068/49689.png
[DEBUG] from resource zip => assets/Resources/localtile/tiles/17/64068/49690.png
[DEBUG] from resource zip => assets/Resources/localtile/tiles/17/64068/49691.png
[DEBUG] from resource zip => assets/Resources/localtile/tiles/17/64068/49692.png
[DEBUG] from resource zip => assets/Resources/localtile/tiles/17/64068/49693.png
[DEBUG] from resource zip => assets/Resources/localtile/tiles/17/64069/49684.png
[DEBUG] from resource zip => assets/Resources/localtile/tiles/17/64069/49685.png
[DEBUG] from resource zip => assets/Resources/localtile/tiles/17/64069/49686.png
[DEBUG] from resource zip => assets/Resources/localtile/tiles/17/64069/49687.png
[DEBUG] from resource zip => assets/Resources/localtile/tiles/17/64069/49688.png
[DEBUG] from resource zip => assets/Resources/localtile/tiles/17/64069/49689.png
[DEBUG] from resource zip => assets/Resources/localtile/tiles/17/64069/49690.png
[DEBUG] from resource zip => assets/Resources/localtile/tiles/17/64069/49691.png
[DEBUG] from resource zip => assets/Resources/localtile/tiles/17/64069/49692.png
[DEBUG] from resource zip => assets/Resources/localtile/tiles/17/64069/49693.png
[DEBUG] from resource zip => assets/Resources/localtile/tiles/17/64070/49684.png
[DEBUG] from resource zip => assets/Resources/localtile/tiles/17/64070/49685.png
[DEBUG] from resource zip => assets/Resources/localtile/tiles/17/64070/49686.png
[DEBUG] from resource zip => assets/Resources/localtile/tiles/17/64070/49687.png
[DEBUG] from resource zip => assets/Resources/localtile/tiles/17/64070/49688.png
[DEBUG] from resource zip => assets/Resources/localtile/tiles/17/64070/49689.png
[DEBUG] from resource zip => assets/Resources/localtile/tiles/17/64070/49690.png
[DEBUG] from resource zip => assets/Resources/localtile/tiles/17/64070/49691.png
[DEBUG] from resource zip => assets/Resources/localtile/tiles/17/64070/49692.png
[DEBUG] from resource zip => assets/Resources/localtile/tiles/17/64070/49693.png
[DEBUG] from resource zip => assets/Resources/localtile/tiles/17/64071/49684.png
[DEBUG] from resource zip => assets/Resources/localtile/tiles/17/64071/49685.png
[DEBUG] from resource zip => assets/Resources/localtile/tiles/17/64071/49686.png
[DEBUG] from resource zip => assets/Resources/localtile/tiles/17/64071/49687.png
[DEBUG] from resource zip => assets/Resources/localtile/tiles/17/64071/49688.png
[DEBUG] from resource zip => assets/Resources/localtile/tiles/17/64071/49689.png
[DEBUG] from resource zip => assets/Resources/localtile/tiles/17/64071/49690.png
[DEBUG] from resource zip => assets/Resources/localtile/tiles/17/64071/49691.png
[DEBUG] from resource zip => assets/Resources/localtile/tiles/17/64071/49692.png
[DEBUG] from resource zip => assets/Resources/localtile/tiles/17/64071/49693.png
[DEBUG] from resource zip => assets/Resources/localtile/tiles/17/64072/49684.png
[DEBUG] from resource zip => assets/Resources/localtile/tiles/17/64072/49685.png
[DEBUG] from resource zip => assets/Resources/localtile/tiles/17/64072/49686.png
[DEBUG] from resource zip => assets/Resources/localtile/tiles/17/64072/49687.png
[DEBUG] from resource zip => assets/Resources/localtile/tiles/17/64072/49688.png
[DEBUG] from resource zip => assets/Resources/localtile/tiles/17/64072/49689.png
[DEBUG] from resource zip => assets/Resources/localtile/tiles/17/64072/49690.png
[DEBUG] from resource zip => assets/Resources/localtile/tiles/17/64072/49691.png
[DEBUG] from resource zip => assets/Resources/localtile/tiles/17/64072/49692.png
[DEBUG] from resource zip => assets/Resources/localtile/tiles/17/64072/49693.png
[DEBUG] from resource zip => assets/Resources/localtile/tiles/17/64073/49684.png
[DEBUG] from resource zip => assets/Resources/localtile/tiles/17/64073/49685.png
[DEBUG] from resource zip => assets/Resources/localtile/tiles/17/64073/49686.png
[DEBUG] from resource zip => assets/Resources/localtile/tiles/17/64073/49687.png
[DEBUG] from resource zip => assets/Resources/localtile/tiles/17/64073/49688.png
[DEBUG] from resource zip => assets/Resources/localtile/tiles/17/64073/49689.png
[DEBUG] from resource zip => assets/Resources/localtile/tiles/17/64073/49690.png
[DEBUG] from resource zip => assets/Resources/localtile/tiles/17/64073/49691.png
[DEBUG] from resource zip => assets/Resources/localtile/tiles/17/64073/49692.png
[DEBUG] from resource zip => assets/Resources/localtile/tiles/17/64073/49693.png
[DEBUG] from resource zip => assets/Resources/localtile/tiles/17/64074/49684.png
[DEBUG] from resource zip => assets/Resources/localtile/tiles/17/64074/49685.png
[DEBUG] from resource zip => assets/Resources/localtile/tiles/17/64074/49686.png
[DEBUG] from resource zip => assets/Resources/localtile/tiles/17/64074/49687.png
[DEBUG] from resource zip => assets/Resources/localtile/tiles/17/64074/49688.png
[DEBUG] from resource zip => assets/Resources/localtile/tiles/17/64074/49689.png
[DEBUG] from resource zip => assets/Resources/localtile/tiles/17/64074/49690.png
[DEBUG] from resource zip => assets/Resources/localtile/tiles/17/64074/49691.png
[DEBUG] from resource zip => assets/Resources/localtile/tiles/17/64074/49692.png
[DEBUG] from resource zip => assets/Resources/localtile/tiles/17/64074/49693.png
[DEBUG] from resource zip => assets/Resources/localtile/tiles/17/64075/49684.png
[DEBUG] from resource zip => assets/Resources/localtile/tiles/17/64075/49685.png
[DEBUG] from resource zip => assets/Resources/localtile/tiles/17/64075/49686.png
[DEBUG] from resource zip => assets/Resources/localtile/tiles/17/64075/49687.png
[DEBUG] from resource zip => assets/Resources/localtile/tiles/17/64075/49688.png
[DEBUG] from resource zip => assets/Resources/localtile/tiles/17/64075/49689.png
[DEBUG] from resource zip => assets/Resources/localtile/tiles/17/64075/49690.png
[DEBUG] from resource zip => assets/Resources/localtile/tiles/17/64075/49691.png
[DEBUG] from resource zip => assets/Resources/localtile/tiles/17/64075/49692.png
[DEBUG] from resource zip => assets/Resources/localtile/tiles/17/64075/49693.png
[DEBUG] from resource zip => assets/Resources/localtile/tiles/17/64076/49684.png
[DEBUG] from resource zip => assets/Resources/localtile/tiles/17/64076/49685.png
[DEBUG] from resource zip => assets/Resources/localtile/tiles/17/64076/49686.png
[DEBUG] from resource zip => assets/Resources/localtile/tiles/17/64076/49687.png
[DEBUG] from resource zip => assets/Resources/localtile/tiles/17/64076/49688.png
[DEBUG] from resource zip => assets/Resources/localtile/tiles/17/64076/49689.png
[DEBUG] from resource zip => assets/Resources/localtile/tiles/17/64076/49690.png
[DEBUG] from resource zip => assets/Resources/localtile/tiles/17/64076/49691.png
[DEBUG] from resource zip => assets/Resources/localtile/tiles/17/64076/49692.png
[DEBUG] from resource zip => assets/Resources/localtile/tiles/17/64076/49693.png
[DEBUG] from resource zip => assets/Resources/localtile/tiles/17/64077/49684.png
[DEBUG] from resource zip => assets/Resources/localtile/tiles/17/64077/49685.png
[DEBUG] from resource zip => assets/Resources/localtile/tiles/17/64077/49686.png
[DEBUG] from resource zip => assets/Resources/localtile/tiles/17/64077/49687.png
[DEBUG] from resource zip => assets/Resources/localtile/tiles/17/64077/49688.png
[DEBUG] from resource zip => assets/Resources/localtile/tiles/17/64077/49689.png
[DEBUG] from resource zip => assets/Resources/localtile/tiles/17/64077/49690.png
[DEBUG] from resource zip => assets/Resources/localtile/tiles/17/64077/49691.png
[DEBUG] from resource zip => assets/Resources/localtile/tiles/17/64077/49692.png
[DEBUG] from resource zip => assets/Resources/localtile/tiles/17/64077/49693.png
[DEBUG] from resource zip => assets/Resources/localtile/tiles/17/64078/49684.png
[DEBUG] from resource zip => assets/Resources/localtile/tiles/17/64078/49685.png
[DEBUG] from resource zip => assets/Resources/localtile/tiles/17/64078/49686.png
[DEBUG] from resource zip => assets/Resources/localtile/tiles/17/64078/49687.png
[DEBUG] from resource zip => assets/Resources/localtile/tiles/17/64078/49688.png
[DEBUG] from resource zip => assets/Resources/localtile/tiles/17/64078/49689.png
[DEBUG] from resource zip => assets/Resources/localtile/tiles/17/64078/49690.png
[DEBUG] from resource zip => assets/Resources/localtile/tiles/17/64078/49691.png
[DEBUG] from resource zip => assets/Resources/localtile/tiles/17/64078/49692.png
[DEBUG] from resource zip => assets/Resources/localtile/tiles/17/64078/49693.png
[DEBUG] from resource zip => assets/Resources/localtile/tiles/17/64079/49684.png
[DEBUG] from resource zip => assets/Resources/localtile/tiles/17/64079/49685.png
[DEBUG] from resource zip => assets/Resources/localtile/tiles/17/64079/49686.png
[DEBUG] from resource zip => assets/Resources/localtile/tiles/17/64079/49687.png
[DEBUG] from resource zip => assets/Resources/localtile/tiles/17/64079/49688.png
[DEBUG] from resource zip => assets/Resources/localtile/tiles/17/64079/49689.png
[DEBUG] from resource zip => assets/Resources/localtile/tiles/17/64079/49690.png
[DEBUG] from resource zip => assets/Resources/localtile/tiles/17/64079/49691.png
[DEBUG] from resource zip => assets/Resources/localtile/tiles/17/64079/49692.png
[DEBUG] from resource zip => assets/Resources/localtile/tiles/17/64079/49693.png
[DEBUG] from resource zip => assets/Resources/localtile/tiles/17/64080/49684.png
[DEBUG] from resource zip => assets/Resources/localtile/tiles/17/64080/49685.png
[DEBUG] from resource zip => assets/Resources/localtile/tiles/17/64080/49686.png
[DEBUG] from resource zip => assets/Resources/localtile/tiles/17/64080/49687.png
[DEBUG] from resource zip => assets/Resources/localtile/tiles/17/64080/49688.png
[DEBUG] from resource zip => assets/Resources/localtile/tiles/17/64080/49689.png
[DEBUG] from resource zip => assets/Resources/localtile/tiles/17/64080/49690.png
[DEBUG] from resource zip => assets/Resources/localtile/tiles/17/64080/49691.png
[DEBUG] from resource zip => assets/Resources/localtile/tiles/17/64080/49692.png
[DEBUG] from resource zip => assets/Resources/localtile/tiles/17/64080/49693.png
[DEBUG] from resource zip => assets/Resources/localtile/tiles/18/128140/99374.png
[DEBUG] from resource zip => assets/Resources/localtile/tiles/18/128140/99375.png
[DEBUG] from resource zip => assets/Resources/localtile/tiles/18/128141/99374.png
[DEBUG] from resource zip => assets/Resources/localtile/tiles/18/128141/99375.png
[DEBUG] from resource zip => assets/Resources/localtile/tiles/18/128142/99374.png
[DEBUG] from resource zip => assets/Resources/localtile/tiles/18/128142/99375.png
[DEBUG] from resource zip => assets/Resources/localtile/tiles/18/128143/99374.png
[DEBUG] from resource zip => assets/Resources/localtile/tiles/18/128143/99375.png
[DEBUG] from resource zip => assets/Resources/localtile/tiles/18/128144/99374.png
[DEBUG] from resource zip => assets/Resources/localtile/tiles/18/128144/99375.png
[DEBUG] from resource zip => assets/Resources/localtile/tiles/19/256280/198748.png
[DEBUG] from resource zip => assets/Resources/localtile/tiles/19/256280/198749.png
[DEBUG] from resource zip => assets/Resources/localtile/tiles/19/256280/198750.png
[DEBUG] from resource zip => assets/Resources/localtile/tiles/19/256280/198751.png
[DEBUG] from resource zip => assets/Resources/localtile/tiles/19/256281/198748.png
[DEBUG] from resource zip => assets/Resources/localtile/tiles/19/256281/198749.png
[DEBUG] from resource zip => assets/Resources/localtile/tiles/19/256281/198750.png
[DEBUG] from resource zip => assets/Resources/localtile/tiles/19/256281/198751.png
[DEBUG] from resource zip => assets/Resources/localtile/tiles/19/256282/198748.png
[DEBUG] from resource zip => assets/Resources/localtile/tiles/19/256282/198749.png
[DEBUG] from resource zip => assets/Resources/localtile/tiles/19/256282/198750.png
[DEBUG] from resource zip => assets/Resources/localtile/tiles/19/256282/198751.png
[DEBUG] from resource zip => assets/Resources/localtile/tiles/19/256283/198748.png
[DEBUG] from resource zip => assets/Resources/localtile/tiles/19/256283/198749.png
[DEBUG] from resource zip => assets/Resources/localtile/tiles/19/256283/198750.png
[DEBUG] from resource zip => assets/Resources/localtile/tiles/19/256283/198751.png
[DEBUG] from resource zip => assets/Resources/localtile/tiles/19/256284/198748.png
[DEBUG] from resource zip => assets/Resources/localtile/tiles/19/256284/198749.png
[DEBUG] from resource zip => assets/Resources/localtile/tiles/19/256284/198750.png
[DEBUG] from resource zip => assets/Resources/localtile/tiles/19/256284/198751.png
[DEBUG] from resource zip => assets/Resources/localtile/tiles/19/256285/198748.png
[DEBUG] from resource zip => assets/Resources/localtile/tiles/19/256285/198749.png
[DEBUG] from resource zip => assets/Resources/localtile/tiles/19/256285/198750.png
[DEBUG] from resource zip => assets/Resources/localtile/tiles/19/256285/198751.png
[DEBUG] from resource zip => assets/Resources/localtile/tiles/19/256286/198748.png
[DEBUG] from resource zip => assets/Resources/localtile/tiles/19/256286/198749.png
[DEBUG] from resource zip => assets/Resources/localtile/tiles/19/256286/198750.png
[DEBUG] from resource zip => assets/Resources/localtile/tiles/19/256286/198751.png
[DEBUG] from resource zip => assets/Resources/localtile/tiles/19/256287/198748.png
[DEBUG] from resource zip => assets/Resources/localtile/tiles/19/256287/198749.png
[DEBUG] from resource zip => assets/Resources/localtile/tiles/19/256287/198750.png
[DEBUG] from resource zip => assets/Resources/localtile/tiles/19/256287/198751.png
[DEBUG] from resource zip => assets/Resources/localtile/tiles/19/256288/198748.png
[DEBUG] from resource zip => assets/Resources/localtile/tiles/19/256288/198749.png
[DEBUG] from resource zip => assets/Resources/localtile/tiles/19/256288/198750.png
[DEBUG] from resource zip => assets/Resources/localtile/tiles/19/256288/198751.png
[DEBUG] from resource zip => assets/Resources/localtile/tiles/tiles.json
[DEBUG] from resource zip => assets/Resources/localtile/OpenLayers.lib
[DEBUG] from resource zip => assets/Resources/localtile/OpenStreetMap.lib
[DEBUG] from resource zip => assets/Resources/localtile/local_tiles.html
[DEBUG] from resource zip => assets/Resources/localtile/style.css
[DEBUG] from resource zip => assets/Resources/video/panel00.mp4
[DEBUG] from resource zip => assets/Resources/video/panel10.mp4
[DEBUG] from resource zip => assets/Resources/video/panel20.mp4
[DEBUG] from resource zip => assets/Resources/video/panel30.mp4
[DEBUG] from resource zip => assets/Resources/video/panel40.mp4
[DEBUG] from resource zip => assets/Resources/alloy.js
[DEBUG] from resource zip => assets/Resources/app.js
[DEBUG] from resource zip => assets/Resources/appicon.png
[DEBUG] from resource zip => assets/Resources/behave.js
[DEBUG] from resource zip => assets/Resources/default.png
[DEBUG] from resource zip => assets/Resources/gps.js
[DEBUG] from resource zip => assets/Resources/panelQR.js
[DEBUG] from resource zip => assets/Resources/readerQR.js
[DEBUG] from resource zip => assets/app.json
[DEBUG] from resource zip => assets/index.json
[DEBUG] from resource zip => assets/tiapp.xml
[DEBUG] from resource zip => res/drawable/appicon.png
[DEBUG] from resource zip => res/drawable/background.png
[DEBUG] from resource zip => res/drawable/btn_check_buttonless_on_64.png
[DEBUG] from resource zip => res/drawable/btn_more_64.png
[DEBUG] from resource zip => res/drawable/disclosure_64.png
[DEBUG] from resource zip => res/drawable/launcher_icon.png
[DEBUG] from resource zip => res/drawable/share_via_barcode.png
[DEBUG] from resource zip => res/drawable/shopper_icon.png
[DEBUG] from resource zip => res/layout/bookmark_picker_list_item.xml
[DEBUG] from resource zip => res/layout/capture.xml
[DEBUG] from resource zip => res/layout/encode.xml
[DEBUG] from resource zip => res/layout/help.xml
[DEBUG] from resource zip => res/layout/history_list_item.xml
[DEBUG] from resource zip => res/layout/search_book_contents.xml
[DEBUG] from resource zip => res/layout/search_book_contents_header.xml
[DEBUG] from resource zip => res/layout/search_book_contents_list_item.xml
[DEBUG] from resource zip => res/layout/share.xml
[DEBUG] from resource zip => res/layout/titanium_tabgroup.xml
[DEBUG] from resource zip => res/layout/titanium_ui_list_header_or_footer.xml
[DEBUG] from resource zip => res/layout/titanium_ui_list_item.xml
[DEBUG] from resource zip => res/raw/beep.ogg
[DEBUG] from resource zip => res/xml/preferences.xml
[DEBUG] from resource zip => AndroidManifest.xml
[DEBUG] from resource zip => resources.arsc
[DEBUG] from resource zip => res/drawable-hdpi/launcher_icon.png
[DEBUG] from resource zip => res/drawable-hdpi/shopper_icon.png
[DEBUG] from resource zip => res/layout-ldpi/capture.xml
[DEBUG] from resource zip => res/layout-land/encode.xml
[DEBUG] from resource zip => res/layout-land/share.xml
[DEBUG] from resource zip => res/drawable-long-land-hdpi/background.png
[DEBUG] from resource zip => res/drawable-long-land-ldpi/background.png
[DEBUG] from resource zip => res/drawable-long-port-hdpi/background.png
[DEBUG] from resource zip => res/drawable-long-port-ldpi/background.png
[DEBUG] from resource zip => res/drawable-notlong-land-hdpi/background.png
[DEBUG] from resource zip => res/drawable-notlong-land-ldpi/background.png
[DEBUG] from resource zip => res/drawable-notlong-land-mdpi/background.png
[DEBUG] from resource zip => res/drawable-notlong-port-hdpi/background.png
[DEBUG] from resource zip => res/drawable-notlong-port-ldpi/background.png
[DEBUG] from resource zip => res/drawable-notlong-port-mdpi/background.png
[DEBUG] from JAR /Library/Application Support/Titanium/modules/android/ti.barcode/2.3.2/barcode.jar => assets/html-en/about1d.html
[DEBUG] from JAR /Library/Application Support/Titanium/modules/android/ti.barcode/2.3.2/barcode.jar => assets/html-en/about2d.html
[DEBUG] from JAR /Library/Application Support/Titanium/modules/android/ti.barcode/2.3.2/barcode.jar => assets/html-en/index.html
[DEBUG] from JAR /Library/Application Support/Titanium/modules/android/ti.barcode/2.3.2/barcode.jar => assets/html-en/scanning.html
[DEBUG] from JAR /Library/Application Support/Titanium/modules/android/ti.barcode/2.3.2/barcode.jar => assets/html-en/sharing.html
[DEBUG] from JAR /Library/Application Support/Titanium/modules/android/ti.barcode/2.3.2/barcode.jar => assets/html-en/whatsnew.html
[DEBUG] from JAR /Library/Application Support/Titanium/modules/android/ti.barcode/2.3.2/barcode.jar => assets/images/big-1d.png
[DEBUG] from JAR /Library/Application Support/Titanium/modules/android/ti.barcode/2.3.2/barcode.jar => assets/images/big-datamatrix.png
[DEBUG] from JAR /Library/Application Support/Titanium/modules/android/ti.barcode/2.3.2/barcode.jar => assets/images/big-qr.png
[DEBUG] from JAR /Library/Application Support/Titanium/modules/android/ti.barcode/2.3.2/barcode.jar => assets/images/contact-results-screen.jpg
[DEBUG] from JAR /Library/Application Support/Titanium/modules/android/ti.barcode/2.3.2/barcode.jar => assets/images/demo-no.png
[DEBUG] from JAR /Library/Application Support/Titanium/modules/android/ti.barcode/2.3.2/barcode.jar => assets/images/demo-yes.png
[DEBUG] from JAR /Library/Application Support/Titanium/modules/android/ti.barcode/2.3.2/barcode.jar => assets/images/scan-example.png
[DEBUG] from JAR /Library/Application Support/Titanium/modules/android/ti.barcode/2.3.2/barcode.jar => assets/images/scan-from-phone.png
[DEBUG] from JAR /Library/Application Support/Titanium/modules/android/ti.barcode/2.3.2/barcode.jar => assets/images/search-book-contents.jpg
[DEBUG] from JAR /Library/Application Support/Titanium/mobilesdk/osx/3.1.0.GA/android/modules/titanium-ui.jar => ti/modules/titanium/ui/widget/webview/binding.js
[DEBUG] from JAR /Library/Application Support/Titanium/mobilesdk/osx/3.1.0.GA/android/modules/titanium-ui.jar => ti/modules/titanium/ui/widget/webview/binding.min.js
[DEBUG] from JAR /Library/Application Support/Titanium/mobilesdk/osx/3.1.0.GA/android/modules/titanium-ui.jar => ti/modules/titanium/ui/widget/webview/json2.js
[DEBUG] from JAR /Library/Application Support/Titanium/mobilesdk/osx/3.1.0.GA/android/modules/titanium-ui.jar => ti/modules/titanium/ui/widget/webview/polling.js
[DEBUG] from JAR /Library/Application Support/Titanium/mobilesdk/osx/3.1.0.GA/android/modules/titanium-ui.jar => ti/modules/titanium/ui/widget/webview/polling.min.js
[DEBUG] from JAR /Library/Application Support/Titanium/mobilesdk/osx/3.1.0.GA/android/titanium.jar => org/appcelerator/titanium/build.properties
[DEBUG] from JAR /Library/Application Support/Titanium/mobilesdk/osx/3.1.0.GA/android/titanium.jar => org/appcelerator/titanium/res/drawable/background.png
[DEBUG] from JAR /Library/Application Support/Titanium/mobilesdk/osx/3.1.0.GA/android/titanium.jar => org/appcelerator/titanium/res/drawable/btn_check_buttonless_on.png
[DEBUG] from JAR /Library/Application Support/Titanium/mobilesdk/osx/3.1.0.GA/android/titanium.jar => org/appcelerator/titanium/res/drawable/btn_check_buttonless_on_18.png
[DEBUG] from JAR /Library/Application Support/Titanium/mobilesdk/osx/3.1.0.GA/android/titanium.jar => org/appcelerator/titanium/res/drawable/btn_check_buttonless_on_48.png
[DEBUG] from JAR /Library/Application Support/Titanium/mobilesdk/osx/3.1.0.GA/android/titanium.jar => org/appcelerator/titanium/res/drawable/btn_check_buttonless_on_64.png
[DEBUG] from JAR /Library/Application Support/Titanium/mobilesdk/osx/3.1.0.GA/android/titanium.jar => org/appcelerator/titanium/res/drawable/btn_more.png
[DEBUG] from JAR /Library/Application Support/Titanium/mobilesdk/osx/3.1.0.GA/android/titanium.jar => org/appcelerator/titanium/res/drawable/btn_more_18.png
[DEBUG] from JAR /Library/Application Support/Titanium/mobilesdk/osx/3.1.0.GA/android/titanium.jar => org/appcelerator/titanium/res/drawable/btn_more_48.png
[DEBUG] from JAR /Library/Application Support/Titanium/mobilesdk/osx/3.1.0.GA/android/titanium.jar => org/appcelerator/titanium/res/drawable/btn_more_64.png
[DEBUG] from JAR /Library/Application Support/Titanium/mobilesdk/osx/3.1.0.GA/android/titanium.jar => org/appcelerator/titanium/res/drawable/btn_picker_normal.9.png
[DEBUG] from JAR /Library/Application Support/Titanium/mobilesdk/osx/3.1.0.GA/android/titanium.jar => org/appcelerator/titanium/res/drawable/btn_picker_pressed.9.png
[DEBUG] from JAR /Library/Application Support/Titanium/mobilesdk/osx/3.1.0.GA/android/titanium.jar => org/appcelerator/titanium/res/drawable/btn_picker_selected.9.png
[DEBUG] from JAR /Library/Application Support/Titanium/mobilesdk/osx/3.1.0.GA/android/titanium.jar => org/appcelerator/titanium/res/drawable/default_icon.png
[DEBUG] from JAR /Library/Application Support/Titanium/mobilesdk/osx/3.1.0.GA/android/titanium.jar => org/appcelerator/titanium/res/drawable/photoDefault.png
[DEBUG] installing native lib: /Library/Application Support/Titanium/modules/android/ti.barcode/2.3.2/libs/armeabi/libti.barcode.so
[DEBUG] installing native lib: /Library/Application Support/Titanium/modules/android/ti.barcode/2.3.2/libs/armeabi-v7a/libti.barcode.so
[DEBUG] installing native SDK libs
[DEBUG] Waiting for device to be ready ...
[TRACE] adb devices returned 1 devices/emulators
[DEBUG] Device connected... (waited 0 seconds)
[DEBUG] waited 0.017084 seconds on emulator to get ready
[INFO] Installing application on device
[INFO] Application installed. Launch from drawer on Home Screen
